<?xml version="1.0" encoding="UTF-8" ?>
<testsuite tests="1" failures="0" name="testes.ServicoCrudTest" time="2.173" errors="1" skipped="0">
  <properties>
[...]
</properties>
  <testcase classname="testes.ServicoCrudTest" name="testes.ServicoCrudTest" time="8.797">
    <error message="Exception processing table name=&apos;TB_PESSOA&apos;" type="java.lang.RuntimeException">java.lang.RuntimeException: Exception processing table name=&apos;TB_PESSOA&apos;
	at testes.DbUnitUtil.inserirDados(DbUnitUtil.java:41)
	at testes.GenericTest.setUpClass(GenericTest.java:37)
	at sun.reflect.NativeMethodAccessorImpl.invoke0(Native Method)
	at sun.reflect.NativeMethodAccessorImpl.invoke(NativeMethodAccessorImpl.java:62)
	at sun.reflect.DelegatingMethodAccessorImpl.invoke(DelegatingMethodAccessorImpl.java:43)
	at java.lang.reflect.Method.invoke(Method.java:498)
	at org.junit.runners.model.FrameworkMethod$1.runReflectiveCall(FrameworkMethod.java:50)
	at org.junit.internal.runners.model.ReflectiveCallable.run(ReflectiveCallable.java:12)
	at org.junit.runners.model.FrameworkMethod.invokeExplosively(FrameworkMethod.java:47)
	at org.junit.internal.runners.statements.RunBefores.evaluate(RunBefores.java:24)
	at org.junit.internal.runners.statements.RunAfters.evaluate(RunAfters.java:27)
	at org.junit.runners.ParentRunner.run(ParentRunner.java:363)
	at org.apache.maven.surefire.junit4.JUnit4TestSet.execute(JUnit4TestSet.java:53)
	at org.apache.maven.surefire.junit4.JUnit4Provider.executeTestSet(JUnit4Provider.java:123)
	at org.apache.maven.surefire.junit4.JUnit4Provider.invoke(JUnit4Provider.java:104)
	at sun.reflect.NativeMethodAccessorImpl.invoke0(Native Method)
	at sun.reflect.NativeMethodAccessorImpl.invoke(NativeMethodAccessorImpl.java:62)
	at sun.reflect.DelegatingMethodAccessorImpl.invoke(DelegatingMethodAccessorImpl.java:43)
	at java.lang.reflect.Method.invoke(Method.java:498)
	at org.apache.maven.surefire.util.ReflectionUtils.invokeMethodWithArray(ReflectionUtils.java:164)
	at org.apache.maven.surefire.booter.ProviderFactory$ProviderProxy.invoke(ProviderFactory.java:110)
	at org.apache.maven.surefire.booter.SurefireStarter.invokeProvider(SurefireStarter.java:175)
	at org.apache.maven.surefire.booter.SurefireStarter.runSuitesInProcessWhenForked(SurefireStarter.java:107)
	at org.apache.maven.surefire.booter.ForkedBooter.main(ForkedBooter.java:68)
Caused by: org.dbunit.DatabaseUnitException: Exception processing table name=&apos;TB_PESSOA&apos;
	at org.dbunit.operation.AbstractBatchOperation.execute(AbstractBatchOperation.java:240)
	at org.dbunit.operation.CompositeOperation.execute(CompositeOperation.java:79)
	at testes.DbUnitUtil.inserirDados(DbUnitUtil.java:38)
	... 23 more
Caused by: com.mysql.jdbc.exceptions.jdbc4.MySQLIntegrityConstraintViolationException: Column &apos;CLI_CPF&apos; cannot be null
	at sun.reflect.NativeConstructorAccessorImpl.newInstance0(Native Method)
	at sun.reflect.NativeConstructorAccessorImpl.newInstance(NativeConstructorAccessorImpl.java:62)
	at sun.reflect.DelegatingConstructorAccessorImpl.newInstance(DelegatingConstructorAccessorImpl.java:45)
	at java.lang.reflect.Constructor.newInstance(Constructor.java:423)
	at com.mysql.jdbc.Util.handleNewInstance(Util.java:425)
	at com.mysql.jdbc.Util.getInstance(Util.java:408)
	at com.mysql.jdbc.SQLError.createSQLException(SQLError.java:936)
	at com.mysql.jdbc.MysqlIO.checkErrorPacket(MysqlIO.java:3976)
	at com.mysql.jdbc.MysqlIO.checkErrorPacket(MysqlIO.java:3912)
	at com.mysql.jdbc.MysqlIO.sendCommand(MysqlIO.java:2530)
	at com.mysql.jdbc.MysqlIO.sqlQueryDirect(MysqlIO.java:2683)
	at com.mysql.jdbc.ConnectionImpl.execSQL(ConnectionImpl.java:2486)
	at com.mysql.jdbc.PreparedStatement.executeInternal(PreparedStatement.java:1858)
	at com.mysql.jdbc.PreparedStatement.execute(PreparedStatement.java:1197)
	at org.dbunit.database.statement.SimplePreparedStatement.addBatch(SimplePreparedStatement.java:80)
	at org.dbunit.database.statement.AutomaticPreparedBatchStatement.addBatch(AutomaticPreparedBatchStatement.java:70)
	at org.dbunit.operation.AbstractBatchOperation.execute(AbstractBatchOperation.java:224)
	... 25 more
</error>
    <system-out>[EL Fine]: moxy: 2019-09-19 19:36:51.473--Thread(Thread[main,5,main])--SAXParserFactory instance: com.sun.org.apache.xerces.internal.jaxp.SAXParserFactoryImpl@40de8f93
[EL Fine]: server: 2019-09-19 19:36:51.488--Thread(Thread[main,5,main])--Configured server platform: org.eclipse.persistence.platform.server.NoServerPlatform
[EL Config]: metadata: 2019-09-19 19:36:51.519--ServerSession(789640755)--Thread(Thread[main,5,main])--The access type for the persistent class [class entidades.Pessoa] is set to [FIELD].
[EL Config]: metadata: 2019-09-19 19:36:51.519--ServerSession(789640755)--Thread(Thread[main,5,main])--The access type for the persistent class [class entidades.Funcionario] is set to [FIELD].
[EL Config]: metadata: 2019-09-19 19:36:51.519--ServerSession(789640755)--Thread(Thread[main,5,main])--The target entity (reference) class for the one to many mapping element [field servicos] is being defaulted to: class entidades.Servico.
[EL Config]: metadata: 2019-09-19 19:36:51.519--ServerSession(789640755)--Thread(Thread[main,5,main])--The target entity (reference) class for the one to many mapping element [field equipamentos] is being defaulted to: class entidades.Equipamento.
[EL Config]: metadata: 2019-09-19 19:36:51.519--ServerSession(789640755)--Thread(Thread[main,5,main])--The access type for the persistent class [class entidades.Equipamento] is set to [FIELD].
[EL Config]: metadata: 2019-09-19 19:36:51.519--ServerSession(789640755)--Thread(Thread[main,5,main])--The target entity (reference) class for the many to one mapping element [field funcionario] is being defaulted to: class entidades.Funcionario.
[EL Config]: metadata: 2019-09-19 19:36:51.519--ServerSession(789640755)--Thread(Thread[main,5,main])--The target entity (reference) class for the many to one mapping element [field servico] is being defaulted to: class entidades.Servico.
[EL Config]: metadata: 2019-09-19 19:36:51.519--ServerSession(789640755)--Thread(Thread[main,5,main])--The access type for the persistent class [class entidades.Telefone] is set to [FIELD].
[EL Config]: metadata: 2019-09-19 19:36:51.519--ServerSession(789640755)--Thread(Thread[main,5,main])--The target entity (reference) class for the many to one mapping element [field cliente] is being defaulted to: class entidades.Cliente.
[EL Config]: metadata: 2019-09-19 19:36:51.519--ServerSession(789640755)--Thread(Thread[main,5,main])--The access type for the persistent class [class entidades.Cliente] is set to [FIELD].
[EL Config]: metadata: 2019-09-19 19:36:51.535--ServerSession(789640755)--Thread(Thread[main,5,main])--The target entity (reference) class for the one to many mapping element [field servicos] is being defaulted to: class entidades.Servico.
[EL Config]: metadata: 2019-09-19 19:36:51.535--ServerSession(789640755)--Thread(Thread[main,5,main])--The target entity (reference) class for the one to one mapping element [field endereco] is being defaulted to: class entidades.Endereco.
[EL Config]: metadata: 2019-09-19 19:36:51.535--ServerSession(789640755)--Thread(Thread[main,5,main])--The target entity (reference) class for the one to many mapping element [field telefones] is being defaulted to: class entidades.Telefone.
[EL Config]: metadata: 2019-09-19 19:36:51.535--ServerSession(789640755)--Thread(Thread[main,5,main])--The access type for the persistent class [class entidades.Endereco] is set to [FIELD].
[EL Config]: metadata: 2019-09-19 19:36:51.535--ServerSession(789640755)--Thread(Thread[main,5,main])--The target entity (reference) class for the one to one mapping element [field cliente] is being defaulted to: class entidades.Cliente.
[EL Config]: metadata: 2019-09-19 19:36:51.535--ServerSession(789640755)--Thread(Thread[main,5,main])--The access type for the persistent class [class entidades.Servico] is set to [FIELD].
[EL Config]: metadata: 2019-09-19 19:36:51.535--ServerSession(789640755)--Thread(Thread[main,5,main])--The target entity (reference) class for the many to one mapping element [field cliente] is being defaulted to: class entidades.Cliente.
[EL Config]: metadata: 2019-09-19 19:36:51.535--ServerSession(789640755)--Thread(Thread[main,5,main])--The target entity (reference) class for the many to one mapping element [field funcionario] is being defaulted to: class entidades.Funcionario.
[EL Config]: metadata: 2019-09-19 19:36:51.535--ServerSession(789640755)--Thread(Thread[main,5,main])--The target entity (reference) class for the one to many mapping element [field equipamentos] is being defaulted to: class entidades.Equipamento.
[EL Config]: metadata: 2019-09-19 19:36:51.535--ServerSession(789640755)--Thread(Thread[main,5,main])--The alias name for the entity class [class entidades.Funcionario] is being defaulted to: Funcionario.
[EL Config]: metadata: 2019-09-19 19:36:51.535--ServerSession(789640755)--Thread(Thread[main,5,main])--The alias name for the entity class [class entidades.Pessoa] is being defaulted to: Pessoa.
[EL Config]: metadata: 2019-09-19 19:36:51.535--ServerSession(789640755)--Thread(Thread[main,5,main])--The alias name for the entity class [class entidades.Equipamento] is being defaulted to: Equipamento.
[EL Config]: metadata: 2019-09-19 19:36:51.535--ServerSession(789640755)--Thread(Thread[main,5,main])--The alias name for the entity class [class entidades.Telefone] is being defaulted to: Telefone.
[EL Config]: metadata: 2019-09-19 19:36:51.535--ServerSession(789640755)--Thread(Thread[main,5,main])--The alias name for the entity class [class entidades.Cliente] is being defaulted to: Cliente.
[EL Config]: metadata: 2019-09-19 19:36:51.551--ServerSession(789640755)--Thread(Thread[main,5,main])--The alias name for the entity class [class entidades.Endereco] is being defaulted to: Endereco.
[EL Config]: metadata: 2019-09-19 19:36:51.551--ServerSession(789640755)--Thread(Thread[main,5,main])--The alias name for the entity class [class entidades.Servico] is being defaulted to: Servico.
[EL Config]: weaver: 2019-09-19 19:36:51.551--ServerSession(789640755)--Thread(Thread[main,5,main])--Class entidades.Servico could not be weaved for change tracking as it is not supported by its mappings.
[EL Info]: 2019-09-19 19:36:51.551--ServerSession(789640755)--Thread(Thread[main,5,main])--EclipseLink, version: Eclipse Persistence Services - 2.6.5.v20170607-b3d05bd
[EL Config]: connection: 2019-09-19 19:36:51.551--ServerSession(789640755)--Connection(1123573668)--Thread(Thread[main,5,main])--connecting(DatabaseLogin(
	platform=&gt;MySQLPlatform
	user name=&gt; &quot;root&quot;
	datasource URL=&gt; &quot;jdbc:mysql://localhost:3306/ordemservico&quot;
))
[EL Config]: connection: 2019-09-19 19:36:51.566--ServerSession(789640755)--Connection(1768473046)--Thread(Thread[main,5,main])--Connected: jdbc:mysql://localhost:3306/ordemservico
	User: root@localhost
	Database: MySQL  Version: 5.7.18-log
	Driver: MySQL Connector Java  Version: mysql-connector-java-5.1.46 ( Revision: 9cc87a48e75c2d2e87c1a293b2862ce651cb256e )
[EL Info]: connection: 2019-09-19 19:36:51.582--ServerSession(789640755)--Thread(Thread[main,5,main])--/file:/C:/Users/ALUNO/Documents/NetBeansProjects/OrdemServico/target/classes/_ordemservico login successful
[EL Fine]: sql: 2019-09-19 19:36:51.582--ServerSession(789640755)--Connection(1768473046)--Thread(Thread[main,5,main])--ALTER TABLE TB_PESSOA DROP FOREIGN KEY FK_TB_PESSOA_FK_END
[EL Fine]: sql: 2019-09-19 19:36:51.613--ServerSession(789640755)--Connection(1768473046)--Thread(Thread[main,5,main])--ALTER TABLE TB_TELEFONE DROP FOREIGN KEY FK_TB_TELEFONE_FK_ID_CLI
[EL Fine]: sql: 2019-09-19 19:36:51.645--ServerSession(789640755)--Connection(1768473046)--Thread(Thread[main,5,main])--ALTER TABLE TB_SERVICO DROP FOREIGN KEY FK_TB_SERVICO_FK_CLI
[EL Fine]: sql: 2019-09-19 19:36:51.66--ServerSession(789640755)--Connection(1768473046)--Thread(Thread[main,5,main])--ALTER TABLE TB_SERVICO DROP FOREIGN KEY FK_TB_SERVICO_FK_FUNC
[EL Fine]: sql: 2019-09-19 19:36:51.691--ServerSession(789640755)--Connection(1768473046)--Thread(Thread[main,5,main])--ALTER TABLE TB_EQUIPAMENTO DROP FOREIGN KEY FK_TB_EQUIPAMENTO_FK_FUNC
[EL Fine]: sql: 2019-09-19 19:36:51.707--ServerSession(789640755)--Connection(1768473046)--Thread(Thread[main,5,main])--ALTER TABLE TB_EQUIPAMENTO DROP FOREIGN KEY FK_TB_EQUIPAMENTO_FK_SERV
[EL Fine]: sql: 2019-09-19 19:36:51.738--ServerSession(789640755)--Connection(1768473046)--Thread(Thread[main,5,main])--DROP TABLE TB_PESSOA
[EL Fine]: sql: 2019-09-19 19:36:51.754--ServerSession(789640755)--Connection(1768473046)--Thread(Thread[main,5,main])--DROP TABLE TB_TELEFONE
[EL Fine]: sql: 2019-09-19 19:36:51.77--ServerSession(789640755)--Connection(1768473046)--Thread(Thread[main,5,main])--DROP TABLE TB_ENDERECO
[EL Fine]: sql: 2019-09-19 19:36:51.801--ServerSession(789640755)--Connection(1768473046)--Thread(Thread[main,5,main])--DROP TABLE TB_SERVICO
[EL Fine]: sql: 2019-09-19 19:36:51.816--ServerSession(789640755)--Connection(1768473046)--Thread(Thread[main,5,main])--DROP TABLE TB_EQUIPAMENTO
[EL Fine]: sql: 2019-09-19 19:36:51.832--ServerSession(789640755)--Connection(1768473046)--Thread(Thread[main,5,main])--CREATE TABLE TB_PESSOA (PESS_ID BIGINT AUTO_INCREMENT NOT NULL, PESS_TIPO VARCHAR(1), PESS_DATA_NASCIMENTO DATE, PESS_EMAIL VARCHAR(100), PESS_NOME VARCHAR(100) NOT NULL, CLI_CPF VARCHAR(18) NOT NULL UNIQUE, FK_END BIGINT, FUNC_CARGO VARCHAR(30) NOT NULL, FUNC_MATRICULA VARCHAR(10) NOT NULL UNIQUE, PRIMARY KEY (PESS_ID))
[EL Fine]: sql: 2019-09-19 19:36:51.895--ServerSession(789640755)--Connection(1768473046)--Thread(Thread[main,5,main])--CREATE TABLE TB_TELEFONE (TEL_ID BIGINT AUTO_INCREMENT NOT NULL, TEL_DDD INTEGER NOT NULL, TEL_NUMERO VARCHAR(12) NOT NULL, FK_ID_CLI BIGINT NOT NULL, PRIMARY KEY (TEL_ID))
[EL Fine]: sql: 2019-09-19 19:36:52.114--ServerSession(789640755)--Connection(1768473046)--Thread(Thread[main,5,main])--CREATE TABLE TB_ENDERECO (END_ID BIGINT AUTO_INCREMENT NOT NULL, END_BAIRRO VARCHAR(100), END_CEP VARCHAR(9) NOT NULL, END_CIDADE VARCHAR(80) NOT NULL, END_COMPLEMENTO VARCHAR(150), END_NUMERO INTEGER NOT NULL, END_LOGRADOURO VARCHAR(100) NOT NULL, PRIMARY KEY (END_ID))
[EL Fine]: sql: 2019-09-19 19:36:52.192--ServerSession(789640755)--Connection(1768473046)--Thread(Thread[main,5,main])--CREATE TABLE TB_SERVICO (SERV_ID BIGINT AUTO_INCREMENT NOT NULL, SERV_DATA_FIM DATE, SERV_DATA_INICIO DATE NOT NULL, SERV_DATA_PREV_FIM DATE NOT NULL, SERV_STATUS VARCHAR(255) NOT NULL, FK_CLI BIGINT NOT NULL, FK_FUNC BIGINT NOT NULL, PRIMARY KEY (SERV_ID))
[EL Fine]: sql: 2019-09-19 19:36:52.27--ServerSession(789640755)--Connection(1768473046)--Thread(Thread[main,5,main])--CREATE TABLE TB_EQUIPAMENTO (EQUIP_ID BIGINT AUTO_INCREMENT NOT NULL, EQUIP_CUSTO_PECAS DOUBLE, EQUIP_DEFEITO VARCHAR(300) NOT NULL, EQUIP_DESCRICAO VARCHAR(300), EQUIP_MAO_OBRA DOUBLE, EQUIP_MARCA VARCHAR(30) NOT NULL, EQUIP_MODELO VARCHAR(30) NOT NULL, EQUIP_SERIE VARCHAR(30) NOT NULL, EQUIP_SOLUCAO VARCHAR(400), FK_FUNC BIGINT, FK_SERV BIGINT NOT NULL, PRIMARY KEY (EQUIP_ID))
[EL Fine]: sql: 2019-09-19 19:36:52.332--ServerSession(789640755)--Connection(1768473046)--Thread(Thread[main,5,main])--ALTER TABLE TB_PESSOA ADD CONSTRAINT FK_TB_PESSOA_FK_END FOREIGN KEY (FK_END) REFERENCES TB_ENDERECO (END_ID)
[EL Fine]: sql: 2019-09-19 19:36:52.504--ServerSession(789640755)--Connection(1768473046)--Thread(Thread[main,5,main])--ALTER TABLE TB_TELEFONE ADD CONSTRAINT FK_TB_TELEFONE_FK_ID_CLI FOREIGN KEY (FK_ID_CLI) REFERENCES TB_PESSOA (PESS_ID)
[EL Fine]: sql: 2019-09-19 19:36:52.723--ServerSession(789640755)--Connection(1768473046)--Thread(Thread[main,5,main])--ALTER TABLE TB_SERVICO ADD CONSTRAINT FK_TB_SERVICO_FK_CLI FOREIGN KEY (FK_CLI) REFERENCES TB_PESSOA (PESS_ID)
[EL Fine]: sql: 2019-09-19 19:36:52.91--ServerSession(789640755)--Connection(1768473046)--Thread(Thread[main,5,main])--ALTER TABLE TB_SERVICO ADD CONSTRAINT FK_TB_SERVICO_FK_FUNC FOREIGN KEY (FK_FUNC) REFERENCES TB_PESSOA (PESS_ID)
[EL Fine]: sql: 2019-09-19 19:36:53.176--ServerSession(789640755)--Connection(1768473046)--Thread(Thread[main,5,main])--ALTER TABLE TB_EQUIPAMENTO ADD CONSTRAINT FK_TB_EQUIPAMENTO_FK_FUNC FOREIGN KEY (FK_FUNC) REFERENCES TB_PESSOA (PESS_ID)
[EL Fine]: sql: 2019-09-19 19:36:53.395--ServerSession(789640755)--Connection(1768473046)--Thread(Thread[main,5,main])--ALTER TABLE TB_EQUIPAMENTO ADD CONSTRAINT FK_TB_EQUIPAMENTO_FK_SERV FOREIGN KEY (FK_SERV) REFERENCES TB_SERVICO (SERV_ID)
------------------começou----------------
[EL Config]: connection: 2019-09-19 19:36:53.645--ServerSession(789640755)--Connection(1768473046)--Thread(Thread[main,5,main])--disconnect
[EL Info]: connection: 2019-09-19 19:36:53.66--ServerSession(789640755)--Thread(Thread[main,5,main])--/file:/C:/Users/ALUNO/Documents/NetBeansProjects/OrdemServico/target/classes/_ordemservico logout successful
[EL Config]: connection: 2019-09-19 19:36:53.66--ServerSession(789640755)--Connection(1123573668)--Thread(Thread[main,5,main])--disconnect
</system-out>
    <system-err>Thu Sep 19 19:36:51 BRT 2019 WARN: Establishing SSL connection without server&apos;s identity verification is not recommended. According to MySQL 5.5.45+, 5.6.26+ and 5.7.6+ requirements SSL connection must be established by default if explicit option isn&apos;t set. For compliance with existing applications not using SSL the verifyServerCertificate property is set to &apos;false&apos;. You need either to explicitly disable SSL by setting useSSL=false, or set useSSL=true and provide truststore for server certificate verification.
Thu Sep 19 19:36:53 BRT 2019 WARN: Establishing SSL connection without server&apos;s identity verification is not recommended. According to MySQL 5.5.45+, 5.6.26+ and 5.7.6+ requirements SSL connection must be established by default if explicit option isn&apos;t set. For compliance with existing applications not using SSL the verifyServerCertificate property is set to &apos;false&apos;. You need either to explicitly disable SSL by setting useSSL=false, or set useSSL=true and provide truststore for server certificate verification.
</system-err>
  </testcase>
</testsuite>